

*******************************************************************************
Thu May 29 16:28:08 2025


FIT:    data read from '../data/histogram.dat' u 1:3:5
        format = x:z:s
        #datapoints = 101
function used for fitting: gauss(x)
	gauss(x)=a*exp(-(x-mean)**2 /(2*k**2)  )
fitted parameters initialized with current variable values

iter      chisq       delta/lim  lambda   a             k             mean         
   0 2.4610804172e+08   0.00e+00  1.26e+03    1.000000e+00   1.000000e+00   1.000000e+00
  11 1.1370813764e+02   0.00e+00  1.26e+08    7.991059e-01   5.042391e-01  -1.741422e-05

After 11 iterations the fit converged.
final sum of squares of residuals : 113.708
rel. change during last iteration : 0

degrees of freedom    (FIT_NDF)                        : 98
rms of residuals      (FIT_STDFIT) = sqrt(WSSR/ndf)    : 1.07717
variance of residuals (reduced chisquare) = WSSR/ndf   : 1.16029
p-value of the Chisq distribution (FIT_P)              : 0.132608

Final set of parameters            Asymptotic Standard Error
=======================            ==========================
a               = 0.799106         +/- 0.000171     (0.0214%)
k               = 0.504239         +/- 7.147e-05    (0.01417%)
mean            = -1.74142e-05     +/- 8.867e-05    (509.2%)

correlation matrix of the fit parameters:
                a      k      mean   
a               1.000 
k              -0.613  1.000 
mean           -0.000  0.000  1.000 


*******************************************************************************
Thu May 29 17:11:41 2025


FIT:    data read from '../data/histogram.dat' u 1:3:5
        format = x:z:s
        #datapoints = 801
function used for fitting: gauss(x)
	gauss(x)=a*exp(-(x-mean)**2 /(2*k**2)  )
fitted parameters initialized with current variable values

iter      chisq       delta/lim  lambda   a             k             mean         
   0 6.6627629707e+08   0.00e+00  6.67e+02    1.000000e+00   1.000000e+00   1.000000e+00
   9 8.0563801947e+02  -7.82e-05  6.67e-04    7.938798e-01   5.039827e-01   1.990970e-04

After 9 iterations the fit converged.
final sum of squares of residuals : 805.638
rel. change during last iteration : -7.81594e-10

degrees of freedom    (FIT_NDF)                        : 798
rms of residuals      (FIT_STDFIT) = sqrt(WSSR/ndf)    : 1.00477
variance of residuals (reduced chisquare) = WSSR/ndf   : 1.00957
p-value of the Chisq distribution (FIT_P)              : 0.417904

Final set of parameters            Asymptotic Standard Error
=======================            ==========================
a               = 0.79388          +/- 0.0001553    (0.01956%)
k               = 0.503983         +/- 6.039e-05    (0.01198%)
mean            = 0.000199097      +/- 8.039e-05    (40.38%)

correlation matrix of the fit parameters:
                a      k      mean   
a               1.000 
k              -0.595  1.000 
mean            0.000 -0.000  1.000 


*******************************************************************************
Thu May 29 17:12:12 2025


FIT:    data read from '../data/histogram.dat' u 1:3:5
        format = x:z:s
        #datapoints = 801
function used for fitting: gauss(x)
	gauss(x)=a*exp(-(x-mean)**2 /(2*k**2)  )
fitted parameters initialized with current variable values

iter      chisq       delta/lim  lambda   a             k             mean         
   0 6.6627629707e+08   0.00e+00  6.67e+02    1.000000e+00   1.000000e+00   1.000000e+00
   9 8.0563801947e+02  -7.82e-05  6.67e-04    7.938798e-01   5.039827e-01   1.990970e-04

After 9 iterations the fit converged.
final sum of squares of residuals : 805.638
rel. change during last iteration : -7.81594e-10

degrees of freedom    (FIT_NDF)                        : 798
rms of residuals      (FIT_STDFIT) = sqrt(WSSR/ndf)    : 1.00477
variance of residuals (reduced chisquare) = WSSR/ndf   : 1.00957
p-value of the Chisq distribution (FIT_P)              : 0.417904

Final set of parameters            Asymptotic Standard Error
=======================            ==========================
a               = 0.79388          +/- 0.0001553    (0.01956%)
k               = 0.503983         +/- 6.039e-05    (0.01198%)
mean            = 0.000199097      +/- 8.039e-05    (40.38%)

correlation matrix of the fit parameters:
                a      k      mean   
a               1.000 
k              -0.595  1.000 
mean            0.000 -0.000  1.000 


*******************************************************************************
Thu May 29 17:12:35 2025


FIT:    data read from '../data/histogram.dat' u 1:3:5
        format = x:z:s
        #datapoints = 801
function used for fitting: gauss(x)
	gauss(x)=a*exp(-(x-mean)**2 /(2*k**2)  )
fitted parameters initialized with current variable values

iter      chisq       delta/lim  lambda   a             k             mean         
   0 6.6627629707e+08   0.00e+00  6.67e+02    1.000000e+00   1.000000e+00   1.000000e+00
   9 8.0563801947e+02  -7.82e-05  6.67e-04    7.938798e-01   5.039827e-01   1.990970e-04

After 9 iterations the fit converged.
final sum of squares of residuals : 805.638
rel. change during last iteration : -7.81594e-10

degrees of freedom    (FIT_NDF)                        : 798
rms of residuals      (FIT_STDFIT) = sqrt(WSSR/ndf)    : 1.00477
variance of residuals (reduced chisquare) = WSSR/ndf   : 1.00957
p-value of the Chisq distribution (FIT_P)              : 0.417904

Final set of parameters            Asymptotic Standard Error
=======================            ==========================
a               = 0.79388          +/- 0.0001553    (0.01956%)
k               = 0.503983         +/- 6.039e-05    (0.01198%)
mean            = 0.000199097      +/- 8.039e-05    (40.38%)

correlation matrix of the fit parameters:
                a      k      mean   
a               1.000 
k              -0.595  1.000 
mean            0.000 -0.000  1.000 


*******************************************************************************
Fri May 30 09:21:01 2025


FIT:    data read from '../data/histogram.dat' u 1:3:5
        format = x:z:s
        #datapoints = 101
function used for fitting: gauss(x)
	gauss(x)=a*exp(-(x-mean)**2 /(2*k**2)  )
fitted parameters initialized with current variable values

iter      chisq       delta/lim  lambda   a             k             mean         
   0 6.6499080229e+08   0.00e+00  1.88e+03    1.000000e+00   1.000000e+00   1.000000e+00
   8 9.0263224247e+01  -2.66e-03  1.88e-04    7.937305e-01   5.040873e-01  -2.459697e-04

After 8 iterations the fit converged.
final sum of squares of residuals : 90.2632
rel. change during last iteration : -2.66007e-08

degrees of freedom    (FIT_NDF)                        : 98
rms of residuals      (FIT_STDFIT) = sqrt(WSSR/ndf)    : 0.959715
variance of residuals (reduced chisquare) = WSSR/ndf   : 0.921053
p-value of the Chisq distribution (FIT_P)              : 0.698439

Final set of parameters            Asymptotic Standard Error
=======================            ==========================
a               = 0.79373          +/- 0.0001483    (0.01869%)
k               = 0.504087         +/- 5.77e-05     (0.01145%)
mean            = -0.00024597      +/- 7.68e-05     (31.22%)

correlation matrix of the fit parameters:
                a      k      mean   
a               1.000 
k              -0.595  1.000 
mean           -0.000  0.000  1.000 


*******************************************************************************
Fri May 30 11:39:47 2025


FIT:    data read from '../data/histogram.dat' u 1:3:5
        format = x:z:s
        #datapoints = 101
function used for fitting: gauss(x)
	gauss(x)=a*exp(-(x-mean)**2 /(2*k**2)  )
fitted parameters initialized with current variable values

iter      chisq       delta/lim  lambda   a             k             mean         
   0 6.6499080229e+08   0.00e+00  1.88e+03    1.000000e+00   1.000000e+00   1.000000e+00
   8 9.0263224247e+01  -2.66e-03  1.88e-04    7.937305e-01   5.040873e-01  -2.459697e-04

After 8 iterations the fit converged.
final sum of squares of residuals : 90.2632
rel. change during last iteration : -2.66007e-08

degrees of freedom    (FIT_NDF)                        : 98
rms of residuals      (FIT_STDFIT) = sqrt(WSSR/ndf)    : 0.959715
variance of residuals (reduced chisquare) = WSSR/ndf   : 0.921053
p-value of the Chisq distribution (FIT_P)              : 0.698439

Final set of parameters            Asymptotic Standard Error
=======================            ==========================
a               = 0.79373          +/- 0.0001483    (0.01869%)
k               = 0.504087         +/- 5.77e-05     (0.01145%)
mean            = -0.00024597      +/- 7.68e-05     (31.22%)

correlation matrix of the fit parameters:
                a      k      mean   
a               1.000 
k              -0.595  1.000 
mean           -0.000  0.000  1.000 
